<?xml version="1.0" encoding="UTF-8" ?>
<testsuite failures="0" time="0.153" errors="0" skipped="0" tests="1" name="com.xiaohao.shiro.test.LoginLogoutTest">
  <properties>
    <property name="idea.version" value="13.1.3"/>
    <property name="java.runtime.name" value="Java(TM) SE Runtime Environment"/>
    <property name="sun.boot.library.path" value="C:\Program Files (x86)\Java\jdk1.6.0_24\jre\bin"/>
    <property name="java.vm.version" value="19.1-b02"/>
    <property name="java.vm.vendor" value="Sun Microsystems Inc."/>
    <property name="java.vendor.url" value="http://java.sun.com/"/>
    <property name="path.separator" value=";"/>
    <property name="java.vm.name" value="Java HotSpot(TM) Client VM"/>
    <property name="file.encoding.pkg" value="sun.io"/>
    <property name="user.country" value="CN"/>
    <property name="sun.java.launcher" value="SUN_STANDARD"/>
    <property name="sun.os.patch.level" value=""/>
    <property name="java.vm.specification.name" value="Java Virtual Machine Specification"/>
    <property name="user.dir" value="C:\Users\xiaohao\Desktop\shiro-lab\shiro-lab-hello"/>
    <property name="java.runtime.version" value="1.6.0_24-b07"/>
    <property name="java.awt.graphicsenv" value="sun.awt.Win32GraphicsEnvironment"/>
    <property name="basedir" value="C:\Users\xiaohao\Desktop\shiro-lab\shiro-lab-hello"/>
    <property name="java.endorsed.dirs" value="C:\Program Files (x86)\Java\jdk1.6.0_24\jre\lib\endorsed"/>
    <property name="os.arch" value="x86"/>
    <property name="surefire.real.class.path" value="C:\Users\xiaohao\Desktop\shiro-lab\shiro-lab-hello\target\surefire\surefirebooter2932479449114388209.jar"/>
    <property name="java.io.tmpdir" value="C:\Users\xiaohao\AppData\Local\Temp\"/>
    <property name="line.separator" value="
"/>
    <property name="java.vm.specification.vendor" value="Sun Microsystems Inc."/>
    <property name="user.variant" value=""/>
    <property name="os.name" value="Windows 7"/>
    <property name="sun.jnu.encoding" value="GBK"/>
    <property name="java.library.path" value="C:\Program Files (x86)\Java\jdk1.6.0_24\jre\bin;.;C:\Windows\Sun\Java\bin;C:\Windows\system32;C:\Windows;C:\Program Files (x86)\Common Files\NetSarang;C:\Program Files (x86)\Intel\iCLS Client\;C:\Program Files\Intel\iCLS Client\;C:\Windows\system32;C:\Windows;C:\Windows\System32\Wbem;C:\Windows\System32\WindowsPowerShell\v1.0\;C:\Program Files\TortoiseSVN\bin;C:\maven\bin;C:\Program Files (x86)\Java\jdk1.6.0_24\bin;C:\Program Files\Intel\Intel(R) Management Engine Components\DAL;C:\Program Files\Intel\Intel(R) Management Engine Components\IPT;C:\Program Files (x86)\Intel\Intel(R) Management Engine Components\DAL;C:\Program Files (x86)\Intel\Intel(R) Management Engine Components\IPT;C:\Program Files (x86)\MySQL\MySQL Server 5.5\bin;C:\Program Files (x86)\Git\cmd;C:\Program Files\TortoiseGit\bin;$GRAILS_HOME/bin"/>
    <property name="surefire.test.class.path" value="C:\Users\xiaohao\Desktop\shiro-lab\shiro-lab-hello\target\test-classes;C:\Users\xiaohao\Desktop\shiro-lab\shiro-lab-hello\target\classes;D:\dev\repo\junit\junit\4.9\junit-4.9.jar;D:\dev\repo\org\hamcrest\hamcrest-core\1.1\hamcrest-core-1.1.jar;D:\dev\repo\commons-logging\commons-logging\1.1.3\commons-logging-1.1.3.jar;D:\dev\repo\org\apache\shiro\shiro-core\1.2.2\shiro-core-1.2.2.jar;D:\dev\repo\org\slf4j\slf4j-api\1.6.4\slf4j-api-1.6.4.jar;D:\dev\repo\commons-beanutils\commons-beanutils\1.8.3\commons-beanutils-1.8.3.jar;"/>
    <property name="java.specification.name" value="Java Platform API Specification"/>
    <property name="java.class.version" value="50.0"/>
    <property name="sun.management.compiler" value="HotSpot Client Compiler"/>
    <property name="os.version" value="6.1"/>
    <property name="user.home" value="C:\Users\xiaohao"/>
    <property name="user.timezone" value=""/>
    <property name="java.awt.printerjob" value="sun.awt.windows.WPrinterJob"/>
    <property name="java.specification.version" value="1.6"/>
    <property name="file.encoding" value="GBK"/>
    <property name="user.name" value="xiaohao"/>
    <property name="java.class.path" value="C:\Users\xiaohao\Desktop\shiro-lab\shiro-lab-hello\target\test-classes;C:\Users\xiaohao\Desktop\shiro-lab\shiro-lab-hello\target\classes;D:\dev\repo\junit\junit\4.9\junit-4.9.jar;D:\dev\repo\org\hamcrest\hamcrest-core\1.1\hamcrest-core-1.1.jar;D:\dev\repo\commons-logging\commons-logging\1.1.3\commons-logging-1.1.3.jar;D:\dev\repo\org\apache\shiro\shiro-core\1.2.2\shiro-core-1.2.2.jar;D:\dev\repo\org\slf4j\slf4j-api\1.6.4\slf4j-api-1.6.4.jar;D:\dev\repo\commons-beanutils\commons-beanutils\1.8.3\commons-beanutils-1.8.3.jar;"/>
    <property name="java.vm.specification.version" value="1.0"/>
    <property name="sun.arch.data.model" value="32"/>
    <property name="java.home" value="C:\Program Files (x86)\Java\jdk1.6.0_24\jre"/>
    <property name="java.specification.vendor" value="Sun Microsystems Inc."/>
    <property name="user.language" value="zh"/>
    <property name="awt.toolkit" value="sun.awt.windows.WToolkit"/>
    <property name="java.vm.info" value="mixed mode, sharing"/>
    <property name="java.version" value="1.6.0_24"/>
    <property name="java.ext.dirs" value="C:\Program Files (x86)\Java\jdk1.6.0_24\jre\lib\ext;C:\Windows\Sun\Java\lib\ext"/>
    <property name="sun.boot.class.path" value="C:\Program Files (x86)\Java\jdk1.6.0_24\jre\lib\resources.jar;C:\Program Files (x86)\Java\jdk1.6.0_24\jre\lib\rt.jar;C:\Program Files (x86)\Java\jdk1.6.0_24\jre\lib\sunrsasign.jar;C:\Program Files (x86)\Java\jdk1.6.0_24\jre\lib\jsse.jar;C:\Program Files (x86)\Java\jdk1.6.0_24\jre\lib\jce.jar;C:\Program Files (x86)\Java\jdk1.6.0_24\jre\lib\charsets.jar;C:\Program Files (x86)\Java\jdk1.6.0_24\jre\lib\modules\jdk.boot.jar;C:\Program Files (x86)\Java\jdk1.6.0_24\jre\classes"/>
    <property name="java.vendor" value="Sun Microsystems Inc."/>
    <property name="localRepository" value="D:\dev\repo"/>
    <property name="file.separator" value="\"/>
    <property name="java.vendor.url.bug" value="http://java.sun.com/cgi-bin/bugreport.cgi"/>
    <property name="sun.cpu.endian" value="little"/>
    <property name="sun.io.unicode.encoding" value="UnicodeLittle"/>
    <property name="sun.desktop" value="windows"/>
    <property name="sun.cpu.isalist" value="pentium_pro+mmx pentium_pro pentium+mmx pentium i486 i386 i86"/>
  </properties>
  <testcase time="0.12" classname="com.xiaohao.shiro.test.LoginLogoutTest" name="helloWorld"/>
</testsuite>